<?xml version="1.0" encoding="UTF-8"?>
<!-- Generated by org.testng.reporters.JUnitReportReporter -->
<testsuite hostname="LAPTOP-9T96KVR7" failures="1" tests="3" name="test.runner.TestNGTestRunner" time="43.354" errors="0" timestamp="2023-05-25T02:40:40 BST" skipped="0">
  <testcase classname="test.runner.TestNGTestRunner" name="runScenario" time="11.936"/>
  <system-out/>
  <testcase classname="test.runner.TestNGTestRunner" name="runScenario" time="17.509">
    <failure message="expected [No data] but found [Beetroot]" type="java.lang.AssertionError">
      <![CDATA[java.lang.AssertionError: expected [No data] but found [Beetroot]
at org.testng.Assert.fail(Assert.java:110)
at org.testng.Assert.failNotEquals(Assert.java:1577)
at org.testng.Assert.assertEqualsImpl(Assert.java:149)
at org.testng.Assert.assertEquals(Assert.java:131)
at org.testng.Assert.assertEquals(Assert.java:655)
at org.testng.Assert.assertEquals(Assert.java:665)
at step.definitions.OfferPageStepDefinition.validate_product_name_in_offers_page_matches_with_the_landing_page(OfferPageStepDefinition.java:47)
at ✽.validate product name in offers page matches with the landing page(file:///D:/Selenium/bddframework/src/test/java/featurefiles/SearchProduct.feature:9)
]]>
    </failure>
  </testcase> <!-- runScenario -->
  <system-out/>
  <testcase classname="test.runner.TestNGTestRunner" name="runScenario" time="13.909"/>
  <system-out/>
</testsuite> <!-- test.runner.TestNGTestRunner -->
